H:\CODING4GAMESII_WEEK4NOTES\CODING4GAMESII_WEEK4NOTES\DEBUG\BOSS.OBJ
H:\Coding4GamesII_Week4Notes\Coding4GamesII_Week4Notes\Debug\cl.command.1.tlog
H:\Coding4GamesII_Week4Notes\Coding4GamesII_Week4Notes\Debug\CL.read.1.tlog
H:\Coding4GamesII_Week4Notes\Coding4GamesII_Week4Notes\Debug\CL.write.1.tlog
H:\CODING4GAMESII_WEEK4NOTES\CODING4GAMESII_WEEK4NOTES\DEBUG\CODING4GAMESII_WEEK4NOTES.EXE
H:\CODING4GAMESII_WEEK4NOTES\CODING4GAMESII_WEEK4NOTES\DEBUG\CODING4GAMESII_WEEK4NOTES.EXE.INTERMEDIATE.MANIFEST
H:\CODING4GAMESII_WEEK4NOTES\CODING4GAMESII_WEEK4NOTES\DEBUG\CODING4GAMESII_WEEK4NOTES.ILK
H:\CODING4GAMESII_WEEK4NOTES\CODING4GAMESII_WEEK4NOTES\DEBUG\CODING4GAMESII_WEEK4NOTES.PDB
H:\Coding4GamesII_Week4Notes\Coding4GamesII_Week4Notes\Debug\Coding4GamesII_Week4Notes.write.1.tlog
H:\CODING4GAMESII_WEEK4NOTES\CODING4GAMESII_WEEK4NOTES\DEBUG\ENEMY.OBJ
H:\CODING4GAMESII_WEEK4NOTES\CODING4GAMESII_WEEK4NOTES\DEBUG\GAMEMANAGER.OBJ
H:\CODING4GAMESII_WEEK4NOTES\CODING4GAMESII_WEEK4NOTES\DEBUG\GAMEOBJECT.OBJ
H:\Coding4GamesII_Week4Notes\Coding4GamesII_Week4Notes\Debug\link.command.1.tlog
H:\Coding4GamesII_Week4Notes\Coding4GamesII_Week4Notes\Debug\link.read.1.tlog
H:\Coding4GamesII_Week4Notes\Coding4GamesII_Week4Notes\Debug\link.write.1.tlog
H:\CODING4GAMESII_WEEK4NOTES\CODING4GAMESII_WEEK4NOTES\DEBUG\MAIN.OBJ
H:\Coding4GamesII_Week4Notes\Coding4GamesII_Week4Notes\Debug\mt.command.1.tlog
H:\Coding4GamesII_Week4Notes\Coding4GamesII_Week4Notes\Debug\mt.read.1.tlog
H:\Coding4GamesII_Week4Notes\Coding4GamesII_Week4Notes\Debug\mt.write.1.tlog
H:\CODING4GAMESII_WEEK4NOTES\CODING4GAMESII_WEEK4NOTES\DEBUG\PLAYER.OBJ
H:\Coding4GamesII_Week4Notes\Coding4GamesII_Week4Notes\Debug\vc100.idb
H:\CODING4GAMESII_WEEK4NOTES\CODING4GAMESII_WEEK4NOTES\DEBUG\VC100.PDB
